# JRE version: OpenJDK Runtime Environment Temurin-17.0.10+7 (17.0.10+7) (build 17.0.10+7)
# Java VM: OpenJDK 64-Bit Server VM Temurin-17.0.10+7 (17.0.10+7, mixed mode, tiered, compressed oops, compressed class ptrs, parallel gc, windows-amd64)
GC Precious Log:
 CPUs: 4 total, 4 available
 Memory: 8097M
 Large Page Support: Disabled
 NUMA Support: Disabled
 Compressed Oops: Enabled (32-bit)
 Alignments: Space 512K, Generation 512K, Heap 2M
 Heap Min Capacity: 100M
 Heap Initial Capacity: 100M
 Heap Max Capacity: 1G
 Pre-touch: Disabled
 Parallel Workers: 4
Heap:
 PSYoungGen      total 9728K, used 5568K [0x00000000eab00000, 0x00000000eb780000, 0x0000000100000000)
  eden space 7168K, 75% used [0x00000000eab00000,0x00000000eb040278,0x00000000eb200000)
  from space 2560K, 7% used [0x00000000eb300000,0x00000000eb330000,0x00000000eb580000)
  to   space 1024K, 0% used [0x00000000eb680000,0x00000000eb680000,0x00000000eb780000)
 ParOldGen       total 230400K, used 198016K [0x00000000c0000000, 0x00000000ce100000, 0x00000000eab00000)
  object space 230400K, 85% used [0x00000000c0000000,0x00000000cc160318,0x00000000ce100000)
 Metaspace       used 96854K, committed 98368K, reserved 1179648K
  class space    used 9728K, committed 10432K, reserved 1048576K
GC Heap History (20 events):
Event: 164545.987 GC heap before
{Heap before GC invocations=4951 (full 75):
 PSYoungGen      total 8192K, used 7722K [0x00000000eab00000, 0x00000000eb480000, 0x0000000100000000)
  eden space 7168K, 100% used [0x00000000eab00000,0x00000000eb200000,0x00000000eb200000)
  from space 1024K, 54% used [0x00000000eb300000,0x00000000eb38a910,0x00000000eb400000)
  to   space 512K, 0% used [0x00000000eb400000,0x00000000eb400000,0x00000000eb480000)
 ParOldGen       total 230400K, used 191655K [0x00000000c0000000, 0x00000000ce100000, 0x00000000eab00000)
  object space 230400K, 83% used [0x00000000c0000000,0x00000000cbb29d00,0x00000000ce100000)
 Metaspace       used 95237K, committed 96704K, reserved 1179648K
  class space    used 9550K, committed 10240K, reserved 1048576K
}
Event: 164545.989 GC heap after
{Heap after GC invocations=4951 (full 75):
 PSYoungGen      total 7680K, used 484K [0x00000000eab00000, 0x00000000eb480000, 0x0000000100000000)
  eden space 7168K, 0% used [0x00000000eab00000,0x00000000eab00000,0x00000000eb200000)
  from space 512K, 94% used [0x00000000eb400000,0x00000000eb479210,0x00000000eb480000)
  to   space 1024K, 0% used [0x00000000eb280000,0x00000000eb280000,0x00000000eb380000)
 ParOldGen       total 230400K, used 191711K [0x00000000c0000000, 0x00000000ce100000, 0x00000000eab00000)
  object space 230400K, 83% used [0x00000000c0000000,0x00000000cbb37d00,0x00000000ce100000)
 Metaspace       used 95237K, committed 96704K, reserved 1179648K
  class space    used 9550K, committed 10240K, reserved 1048576K
}
Event: 164546.021 GC heap before
{Heap before GC invocations=4952 (full 75):
 PSYoungGen      total 7680K, used 7652K [0x00000000eab00000, 0x00000000eb480000, 0x0000000100000000)
  eden space 7168K, 100% used [0x00000000eab00000,0x00000000eb200000,0x00000000eb200000)
  from space 512K, 94% used [0x00000000eb400000,0x00000000eb479210,0x00000000eb480000)
  to   space 1024K, 0% used [0x00000000eb280000,0x00000000eb280000,0x00000000eb380000)
 ParOldGen       total 230400K, used 191711K [0x00000000c0000000, 0x00000000ce100000, 0x00000000eab00000)
  object space 230400K, 83% used [0x00000000c0000000,0x00000000cbb37d00,0x00000000ce100000)
 Metaspace       used 95237K, committed 96704K, reserved 1179648K
  class space    used 9550K, committed 10240K, reserved 1048576K
}
Event: 164546.024 GC heap after
{Heap after GC invocations=4952 (full 75):
 PSYoungGen      total 8192K, used 698K [0x00000000eab00000, 0x00000000eb480000, 0x0000000100000000)
  eden space 7168K, 0% used [0x00000000eab00000,0x00000000eab00000,0x00000000eb200000)
  from space 1024K, 68% used [0x00000000eb280000,0x00000000eb32e900,0x00000000eb380000)
  to   space 1024K, 0% used [0x00000000eb380000,0x00000000eb380000,0x00000000eb480000)
 ParOldGen       total 230400K, used 192179K [0x00000000c0000000, 0x00000000ce100000, 0x00000000eab00000)
  object space 230400K, 83% used [0x00000000c0000000,0x00000000cbbacf20,0x00000000ce100000)
 Metaspace       used 95237K, committed 96704K, reserved 1179648K
  class space    used 9550K, committed 10240K, reserved 1048576K
}
Event: 164546.050 GC heap before
{Heap before GC invocations=4953 (full 75):
 PSYoungGen      total 8192K, used 7866K [0x00000000eab00000, 0x00000000eb480000, 0x0000000100000000)
  eden space 7168K, 100% used [0x00000000eab00000,0x00000000eb200000,0x00000000eb200000)
  from space 1024K, 68% used [0x00000000eb280000,0x00000000eb32e900,0x00000000eb380000)
  to   space 1024K, 0% used [0x00000000eb380000,0x00000000eb380000,0x00000000eb480000)
 ParOldGen       total 230400K, used 192179K [0x00000000c0000000, 0x00000000ce100000, 0x00000000eab00000)
  object space 230400K, 83% used [0x00000000c0000000,0x00000000cbbacf20,0x00000000ce100000)
 Metaspace       used 95237K, committed 96704K, reserved 1179648K
  class space    used 9550K, committed 10240K, reserved 1048576K
}
Event: 164546.052 GC heap after
{Heap after GC invocations=4953 (full 75):
 PSYoungGen      total 7680K, used 186K [0x00000000eab00000, 0x00000000eb400000, 0x0000000100000000)
  eden space 7168K, 0% used [0x00000000eab00000,0x00000000eab00000,0x00000000eb200000)
  from space 512K, 36% used [0x00000000eb380000,0x00000000eb3ae900,0x00000000eb400000)
  to   space 512K, 0% used [0x00000000eb300000,0x00000000eb300000,0x00000000eb380000)
 ParOldGen       total 230400K, used 192395K [0x00000000c0000000, 0x00000000ce100000, 0x00000000eab00000)
  object space 230400K, 83% used [0x00000000c0000000,0x00000000cbbe2f20,0x00000000ce100000)
 Metaspace       used 95237K, committed 96704K, reserved 1179648K
  class space    used 9550K, committed 10240K, reserved 1048576K
}
Event: 164546.356 GC heap before
{Heap before GC invocations=4954 (full 75):
 PSYoungGen      total 7680K, used 7354K [0x00000000eab00000, 0x00000000eb400000, 0x0000000100000000)
  eden space 7168K, 100% used [0x00000000eab00000,0x00000000eb200000,0x00000000eb200000)
  from space 512K, 36% used [0x00000000eb380000,0x00000000eb3ae900,0x00000000eb400000)
  to   space 512K, 0% used [0x00000000eb300000,0x00000000eb300000,0x00000000eb380000)
 ParOldGen       total 230400K, used 192395K [0x00000000c0000000, 0x00000000ce100000, 0x00000000eab00000)
  object space 230400K, 83% used [0x00000000c0000000,0x00000000cbbe2f20,0x00000000ce100000)
 Metaspace       used 95237K, committed 96704K, reserved 1179648K
  class space    used 9550K, committed 10240K, reserved 1048576K
}
Event: 164546.359 GC heap after
{Heap after GC invocations=4954 (full 75):
 PSYoungGen      total 7680K, used 64K [0x00000000eab00000, 0x00000000eb400000, 0x0000000100000000)
  eden space 7168K, 0% used [0x00000000eab00000,0x00000000eab00000,0x00000000eb200000)
  from space 512K, 12% used [0x00000000eb300000,0x00000000eb310000,0x00000000eb380000)
  to   space 512K, 0% used [0x00000000eb380000,0x00000000eb380000,0x00000000eb400000)
 ParOldGen       total 230400K, used 192411K [0x00000000c0000000, 0x00000000ce100000, 0x00000000eab00000)
  object space 230400K, 83% used [0x00000000c0000000,0x00000000cbbe6f20,0x00000000ce100000)
 Metaspace       used 95237K, committed 96704K, reserved 1179648K
  class space    used 9550K, committed 10240K, reserved 1048576K
}
Event: 164546.432 GC heap before
{Heap before GC invocations=4955 (full 75):
 PSYoungGen      total 7680K, used 7232K [0x00000000eab00000, 0x00000000eb400000, 0x0000000100000000)
  eden space 7168K, 100% used [0x00000000eab00000,0x00000000eb200000,0x00000000eb200000)
  from space 512K, 12% used [0x00000000eb300000,0x00000000eb310000,0x00000000eb380000)
  to   space 512K, 0% used [0x00000000eb380000,0x00000000eb380000,0x00000000eb400000)
 ParOldGen       total 230400K, used 192411K [0x00000000c0000000, 0x00000000ce100000, 0x00000000eab00000)
  object space 230400K, 83% used [0x00000000c0000000,0x00000000cbbe6f20,0x00000000ce100000)
 Metaspace       used 95237K, committed 96704K, reserved 1179648K
  class space    used 9550K, committed 10240K, reserved 1048576K
}
Event: 164546.434 GC heap after
{Heap after GC invocations=4955 (full 75):
 PSYoungGen      total 7680K, used 500K [0x00000000eab00000, 0x00000000eb400000, 0x0000000100000000)
  eden space 7168K, 0% used [0x00000000eab00000,0x00000000eab00000,0x00000000eb200000)
  from space 512K, 97% used [0x00000000eb380000,0x00000000eb3fd220,0x00000000eb400000)
  to   space 1024K, 0% used [0x00000000eb200000,0x00000000eb200000,0x00000000eb300000)
 ParOldGen       total 230400K, used 192515K [0x00000000c0000000, 0x00000000ce100000, 0x00000000eab00000)
  object space 230400K, 83% used [0x00000000c0000000,0x00000000cbc00f20,0x00000000ce100000)
 Metaspace       used 95237K, committed 96704K, reserved 1179648K
  class space    used 9550K, committed 10240K, reserved 1048576K
}
Event: 164546.537 GC heap before
{Heap before GC invocations=4956 (full 75):
 PSYoungGen      total 7680K, used 7668K [0x00000000eab00000, 0x00000000eb400000, 0x0000000100000000)
  eden space 7168K, 100% used [0x00000000eab00000,0x00000000eb200000,0x00000000eb200000)
  from space 512K, 97% used [0x00000000eb380000,0x00000000eb3fd220,0x00000000eb400000)
  to   space 1024K, 0% used [0x00000000eb200000,0x00000000eb200000,0x00000000eb300000)
 ParOldGen       total 230400K, used 192515K [0x00000000c0000000, 0x00000000ce100000, 0x00000000eab00000)
  object space 230400K, 83% used [0x00000000c0000000,0x00000000cbc00f20,0x00000000ce100000)
 Metaspace       used 95237K, committed 96704K, reserved 1179648K
  class space    used 9550K, committed 10240K, reserved 1048576K
}
Event: 164546.542 GC heap after
{Heap after GC invocations=4956 (full 75):
 PSYoungGen      total 8192K, used 1011K [0x00000000eab00000, 0x00000000ebd00000, 0x0000000100000000)
  eden space 7168K, 0% used [0x00000000eab00000,0x00000000eab00000,0x00000000eb200000)
  from space 1024K, 98% used [0x00000000eb200000,0x00000000eb2fcf00,0x00000000eb300000)
  to   space 5632K, 0% used [0x00000000eb780000,0x00000000eb780000,0x00000000ebd00000)
 ParOldGen       total 230400K, used 196293K [0x00000000c0000000, 0x00000000ce100000, 0x00000000eab00000)
  object space 230400K, 85% used [0x00000000c0000000,0x00000000cbfb16f0,0x00000000ce100000)
 Metaspace       used 95237K, committed 96704K, reserved 1179648K
  class space    used 9550K, committed 10240K, reserved 1048576K
}
Event: 164546.671 GC heap before
{Heap before GC invocations=4957 (full 75):
 PSYoungGen      total 8192K, used 8179K [0x00000000eab00000, 0x00000000ebd00000, 0x0000000100000000)
  eden space 7168K, 100% used [0x00000000eab00000,0x00000000eb200000,0x00000000eb200000)
  from space 1024K, 98% used [0x00000000eb200000,0x00000000eb2fcf00,0x00000000eb300000)
  to   space 5632K, 0% used [0x00000000eb780000,0x00000000eb780000,0x00000000ebd00000)
 ParOldGen       total 230400K, used 196293K [0x00000000c0000000, 0x00000000ce100000, 0x00000000eab00000)
  object space 230400K, 85% used [0x00000000c0000000,0x00000000cbfb16f0,0x00000000ce100000)
 Metaspace       used 95291K, committed 96704K, reserved 1179648K
  class space    used 9557K, committed 10240K, reserved 1048576K
}
Event: 164546.680 GC heap after
{Heap after GC invocations=4957 (full 75):
 PSYoungGen      total 7680K, used 128K [0x00000000eab00000, 0x00000000eb800000, 0x0000000100000000)
  eden space 7168K, 0% used [0x00000000eab00000,0x00000000eab00000,0x00000000eb200000)
  from space 512K, 25% used [0x00000000eb780000,0x00000000eb7a0000,0x00000000eb800000)
  to   space 2048K, 0% used [0x00000000eb400000,0x00000000eb400000,0x00000000eb600000)
 ParOldGen       total 230400K, used 196341K [0x00000000c0000000, 0x00000000ce100000, 0x00000000eab00000)
  object space 230400K, 85% used [0x00000000c0000000,0x00000000cbfbd6f0,0x00000000ce100000)
 Metaspace       used 95291K, committed 96704K, reserved 1179648K
  class space    used 9557K, committed 10240K, reserved 1048576K
}
Event: 164546.944 GC heap before
{Heap before GC invocations=4958 (full 75):
 PSYoungGen      total 7680K, used 7296K [0x00000000eab00000, 0x00000000eb800000, 0x0000000100000000)
  eden space 7168K, 100% used [0x00000000eab00000,0x00000000eb200000,0x00000000eb200000)
  from space 512K, 25% used [0x00000000eb780000,0x00000000eb7a0000,0x00000000eb800000)
  to   space 2048K, 0% used [0x00000000eb400000,0x00000000eb400000,0x00000000eb600000)
 ParOldGen       total 230400K, used 196341K [0x00000000c0000000, 0x00000000ce100000, 0x00000000eab00000)
  object space 230400K, 85% used [0x00000000c0000000,0x00000000cbfbd6f0,0x00000000ce100000)
 Metaspace       used 95761K, committed 97216K, reserved 1179648K
  class space    used 9613K, committed 10304K, reserved 1048576K
}
Event: 164546.946 GC heap after
{Heap after GC invocations=4958 (full 75):
 PSYoungGen      total 9216K, used 576K [0x00000000eab00000, 0x00000000eb800000, 0x0000000100000000)
  eden space 7168K, 0% used [0x00000000eab00000,0x00000000eab00000,0x00000000eb200000)
  from space 2048K, 28% used [0x00000000eb400000,0x00000000eb490000,0x00000000eb600000)
  to   space 1024K, 0% used [0x00000000eb700000,0x00000000eb700000,0x00000000eb800000)
 ParOldGen       total 230400K, used 196389K [0x00000000c0000000, 0x00000000ce100000, 0x00000000eab00000)
  object space 230400K, 85% used [0x00000000c0000000,0x00000000cbfc96f0,0x00000000ce100000)
 Metaspace       used 95761K, committed 97216K, reserved 1179648K
  class space    used 9613K, committed 10304K, reserved 1048576K
}
Event: 164547.158 GC heap before
{Heap before GC invocations=4959 (full 75):
 PSYoungGen      total 9216K, used 7744K [0x00000000eab00000, 0x00000000eb800000, 0x0000000100000000)
  eden space 7168K, 100% used [0x00000000eab00000,0x00000000eb200000,0x00000000eb200000)
  from space 2048K, 28% used [0x00000000eb400000,0x00000000eb490000,0x00000000eb600000)
  to   space 1024K, 0% used [0x00000000eb700000,0x00000000eb700000,0x00000000eb800000)
 ParOldGen       total 230400K, used 196389K [0x00000000c0000000, 0x00000000ce100000, 0x00000000eab00000)
  object space 230400K, 85% used [0x00000000c0000000,0x00000000cbfc96f0,0x00000000ce100000)
 Metaspace       used 95974K, committed 97408K, reserved 1179648K
  class space    used 9628K, committed 10304K, reserved 1048576K
}
Event: 164547.161 GC heap after
{Heap after GC invocations=4959 (full 75):
 PSYoungGen      total 8192K, used 992K [0x00000000eab00000, 0x00000000eb800000, 0x0000000100000000)
  eden space 7168K, 0% used [0x00000000eab00000,0x00000000eab00000,0x00000000eb200000)
  from space 1024K, 96% used [0x00000000eb700000,0x00000000eb7f8010,0x00000000eb800000)
  to   space 2560K, 0% used [0x00000000eb300000,0x00000000eb300000,0x00000000eb580000)
 ParOldGen       total 230400K, used 197272K [0x00000000c0000000, 0x00000000ce100000, 0x00000000eab00000)
  object space 230400K, 85% used [0x00000000c0000000,0x00000000cc0a6318,0x00000000ce100000)
 Metaspace       used 95974K, committed 97408K, reserved 1179648K
  class space    used 9628K, committed 10304K, reserved 1048576K
}
Event: 164547.646 GC heap before
{Heap before GC invocations=4960 (full 75):
 PSYoungGen      total 8192K, used 8160K [0x00000000eab00000, 0x00000000eb800000, 0x0000000100000000)
  eden space 7168K, 100% used [0x00000000eab00000,0x00000000eb200000,0x00000000eb200000)
  from space 1024K, 96% used [0x00000000eb700000,0x00000000eb7f8010,0x00000000eb800000)
  to   space 2560K, 0% used [0x00000000eb300000,0x00000000eb300000,0x00000000eb580000)
 ParOldGen       total 230400K, used 197272K [0x00000000c0000000, 0x00000000ce100000, 0x00000000eab00000)
  object space 230400K, 85% used [0x00000000c0000000,0x00000000cc0a6318,0x00000000ce100000)
 Metaspace       used 96564K, committed 97984K, reserved 1179648K
  class space    used 9692K, committed 10368K, reserved 1048576K
}
Event: 164547.651 GC heap after
{Heap after GC invocations=4960 (full 75):
 PSYoungGen      total 9728K, used 192K [0x00000000eab00000, 0x00000000eb780000, 0x0000000100000000)
  eden space 7168K, 0% used [0x00000000eab00000,0x00000000eab00000,0x00000000eb200000)
  from space 2560K, 7% used [0x00000000eb300000,0x00000000eb330000,0x00000000eb580000)
  to   space 1024K, 0% used [0x00000000eb680000,0x00000000eb680000,0x00000000eb780000)
 ParOldGen       total 230400K, used 198016K [0x00000000c0000000, 0x00000000ce100000, 0x00000000eab00000)
  object space 230400K, 85% used [0x00000000c0000000,0x00000000cc160318,0x00000000ce100000)
 Metaspace       used 96564K, committed 97984K, reserved 1179648K
  class space    used 9692K, committed 10368K, reserved 1048576K
}

